# JRE version: OpenJDK Runtime Environment (11.0.10) (build 11.0.10+0-b96-7249189)
# Java VM: OpenJDK 64-Bit Server VM (11.0.10+0-b96-7249189, mixed mode, tiered, compressed oops, g1 gc, windows-amd64)
Heap:
 garbage-first heap   total 404480K, used 217469K [0x0000000080000000, 0x0000000100000000)
  region size 1024K, 2 young (2048K), 2 survivors (2048K)
 Metaspace       used 125503K, capacity 128712K, committed 128844K, reserved 1161216K
  class space    used 15718K, capacity 16895K, committed 16972K, reserved 1048576K
GC Heap History (20 events):
Event: 162.596 GC heap after
{Heap after GC invocations=53 (full 0):
 garbage-first heap   total 196608K, used 158520K [0x0000000080000000, 0x0000000100000000)
  region size 1024K, 2 young (2048K), 2 survivors (2048K)
 Metaspace       used 124179K, capacity 127312K, committed 127436K, reserved 1159168K
  class space    used 15611K, capacity 16757K, committed 16844K, reserved 1048576K
}
Event: 162.897 GC heap before
{Heap before GC invocations=53 (full 0):
 garbage-first heap   total 196608K, used 167736K [0x0000000080000000, 0x0000000100000000)
  region size 1024K, 11 young (11264K), 2 survivors (2048K)
 Metaspace       used 124622K, capacity 127773K, committed 127948K, reserved 1161216K
  class space    used 15659K, capacity 16824K, committed 16844K, reserved 1048576K
}
Event: 162.903 GC heap after
{Heap after GC invocations=54 (full 0):
 garbage-first heap   total 196608K, used 159279K [0x0000000080000000, 0x0000000100000000)
  region size 1024K, 1 young (1024K), 1 survivors (1024K)
 Metaspace       used 124622K, capacity 127773K, committed 127948K, reserved 1161216K
  class space    used 15659K, capacity 16824K, committed 16844K, reserved 1048576K
}
Event: 163.404 GC heap before
{Heap before GC invocations=54 (full 0):
 garbage-first heap   total 196608K, used 168495K [0x0000000080000000, 0x0000000100000000)
  region size 1024K, 10 young (10240K), 1 survivors (1024K)
 Metaspace       used 125445K, capacity 128709K, committed 128844K, reserved 1161216K
  class space    used 15718K, capacity 16895K, committed 16972K, reserved 1048576K
}
Event: 163.410 GC heap after
{Heap after GC invocations=55 (full 0):
 garbage-first heap   total 196608K, used 160043K [0x0000000080000000, 0x0000000100000000)
  region size 1024K, 2 young (2048K), 2 survivors (2048K)
 Metaspace       used 125445K, capacity 128709K, committed 128844K, reserved 1161216K
  class space    used 15718K, capacity 16895K, committed 16972K, reserved 1048576K
}
Event: 163.530 GC heap before
{Heap before GC invocations=55 (full 0):
 garbage-first heap   total 196608K, used 168235K [0x0000000080000000, 0x0000000100000000)
  region size 1024K, 11 young (11264K), 2 survivors (2048K)
 Metaspace       used 125454K, capacity 128709K, committed 128844K, reserved 1161216K
  class space    used 15718K, capacity 16895K, committed 16972K, reserved 1048576K
}
Event: 163.541 GC heap after
{Heap after GC invocations=56 (full 0):
 garbage-first heap   total 196608K, used 168694K [0x0000000080000000, 0x0000000100000000)
  region size 1024K, 2 young (2048K), 2 survivors (2048K)
 Metaspace       used 125454K, capacity 128709K, committed 128844K, reserved 1161216K
  class space    used 15718K, capacity 16895K, committed 16972K, reserved 1048576K
}
Event: 163.581 GC heap before
{Heap before GC invocations=56 (full 0):
 garbage-first heap   total 196608K, used 174838K [0x0000000080000000, 0x0000000100000000)
  region size 1024K, 9 young (9216K), 2 survivors (2048K)
 Metaspace       used 125454K, capacity 128709K, committed 128844K, reserved 1161216K
  class space    used 15718K, capacity 16895K, committed 16972K, reserved 1048576K
}
Event: 163.591 GC heap after
{Heap after GC invocations=57 (full 0):
 garbage-first heap   total 196608K, used 175543K [0x0000000080000000, 0x0000000100000000)
  region size 1024K, 2 young (2048K), 2 survivors (2048K)
 Metaspace       used 125454K, capacity 128709K, committed 128844K, reserved 1161216K
  class space    used 15718K, capacity 16895K, committed 16972K, reserved 1048576K
}
Event: 163.622 GC heap before
{Heap before GC invocations=57 (full 0):
 garbage-first heap   total 196608K, used 182711K [0x0000000080000000, 0x0000000100000000)
  region size 1024K, 9 young (9216K), 2 survivors (2048K)
 Metaspace       used 125454K, capacity 128709K, committed 128844K, reserved 1161216K
  class space    used 15718K, capacity 16895K, committed 16972K, reserved 1048576K
}
Event: 163.633 GC heap after
{Heap after GC invocations=58 (full 0):
 garbage-first heap   total 196608K, used 181248K [0x0000000080000000, 0x0000000100000000)
  region size 1024K, 2 young (2048K), 2 survivors (2048K)
 Metaspace       used 125454K, capacity 128709K, committed 128844K, reserved 1161216K
  class space    used 15718K, capacity 16895K, committed 16972K, reserved 1048576K
}
Event: 163.664 GC heap before
{Heap before GC invocations=59 (full 0):
 garbage-first heap   total 196608K, used 188416K [0x0000000080000000, 0x0000000100000000)
  region size 1024K, 9 young (9216K), 2 survivors (2048K)
 Metaspace       used 125454K, capacity 128709K, committed 128844K, reserved 1161216K
  class space    used 15718K, capacity 16895K, committed 16972K, reserved 1048576K
}
Event: 163.677 GC heap after
{Heap after GC invocations=60 (full 0):
 garbage-first heap   total 239616K, used 186908K [0x0000000080000000, 0x0000000100000000)
  region size 1024K, 2 young (2048K), 2 survivors (2048K)
 Metaspace       used 125454K, capacity 128709K, committed 128844K, reserved 1161216K
  class space    used 15718K, capacity 16895K, committed 16972K, reserved 1048576K
}
Event: 163.751 GC heap before
{Heap before GC invocations=60 (full 0):
 garbage-first heap   total 239616K, used 195100K [0x0000000080000000, 0x0000000100000000)
  region size 1024K, 11 young (11264K), 2 survivors (2048K)
 Metaspace       used 125502K, capacity 128712K, committed 128844K, reserved 1161216K
  class space    used 15718K, capacity 16895K, committed 16972K, reserved 1048576K
}
Event: 163.764 GC heap after
{Heap after GC invocations=61 (full 0):
 garbage-first heap   total 239616K, used 191998K [0x0000000080000000, 0x0000000100000000)
  region size 1024K, 2 young (2048K), 2 survivors (2048K)
 Metaspace       used 125502K, capacity 128712K, committed 128844K, reserved 1161216K
  class space    used 15718K, capacity 16895K, committed 16972K, reserved 1048576K
}
Event: 163.800 GC heap before
{Heap before GC invocations=61 (full 0):
 garbage-first heap   total 239616K, used 201214K [0x0000000080000000, 0x0000000100000000)
  region size 1024K, 11 young (11264K), 2 survivors (2048K)
 Metaspace       used 125503K, capacity 128712K, committed 128844K, reserved 1161216K
  class space    used 15718K, capacity 16895K, committed 16972K, reserved 1048576K
}
Event: 163.813 GC heap after
{Heap after GC invocations=62 (full 0):
 garbage-first heap   total 239616K, used 201632K [0x0000000080000000, 0x0000000100000000)
  region size 1024K, 2 young (2048K), 2 survivors (2048K)
 Metaspace       used 125503K, capacity 128712K, committed 128844K, reserved 1161216K
  class space    used 15718K, capacity 16895K, committed 16972K, reserved 1048576K
}
Event: 163.859 GC heap before
{Heap before GC invocations=62 (full 0):
 garbage-first heap   total 239616K, used 210848K [0x0000000080000000, 0x0000000100000000)
  region size 1024K, 11 young (11264K), 2 survivors (2048K)
 Metaspace       used 125503K, capacity 128712K, committed 128844K, reserved 1161216K
  class space    used 15718K, capacity 16895K, committed 16972K, reserved 1048576K
}
Event: 163.871 GC heap after
{Heap after GC invocations=63 (full 0):
 garbage-first heap   total 239616K, used 209920K [0x0000000080000000, 0x0000000100000000)
  region size 1024K, 2 young (2048K), 2 survivors (2048K)
 Metaspace       used 125503K, capacity 128712K, committed 128844K, reserved 1161216K
  class space    used 15718K, capacity 16895K, committed 16972K, reserved 1048576K
}
Event: 163.950 GC heap before
{Heap before GC invocations=63 (full 0):
 garbage-first heap   total 239616K, used 219136K [0x0000000080000000, 0x0000000100000000)
  region size 1024K, 11 young (11264K), 2 survivors (2048K)
 Metaspace       used 125503K, capacity 128712K, committed 128844K, reserved 1161216K
  class space    used 15718K, capacity 16895K, committed 16972K, reserved 1048576K
}

