# JRE version: OpenJDK Runtime Environment (11.0.10) (build 11.0.10+0-b96-7249189)
# Java VM: OpenJDK 64-Bit Server VM (11.0.10+0-b96-7249189, mixed mode, tiered, compressed oops, g1 gc, windows-amd64)
Heap:
 garbage-first heap   total 284672K, used 188107K [0x0000000080000000, 0x0000000100000000)
  region size 1024K, 60 young (61440K), 4 survivors (4096K)
 Metaspace       used 121508K, capacity 124852K, committed 125000K, reserved 1157120K
  class space    used 15469K, capacity 16673K, committed 16792K, reserved 1048576K
GC Heap History (20 events):
Event: 24.733 GC heap before
{Heap before GC invocations=19 (full 0):
 garbage-first heap   total 284672K, used 120111K [0x0000000080000000, 0x0000000100000000)
  region size 1024K, 37 young (37888K), 10 survivors (10240K)
 Metaspace       used 97617K, capacity 100425K, committed 100608K, reserved 1136640K
  class space    used 12744K, capacity 13769K, committed 13900K, reserved 1048576K
}
Event: 24.755 GC heap after
{Heap after GC invocations=20 (full 0):
 garbage-first heap   total 284672K, used 96861K [0x0000000080000000, 0x0000000100000000)
  region size 1024K, 7 young (7168K), 7 survivors (7168K)
 Metaspace       used 97617K, capacity 100425K, committed 100608K, reserved 1136640K
  class space    used 12744K, capacity 13769K, committed 13900K, reserved 1048576K
}
Event: 27.034 GC heap before
{Heap before GC invocations=21 (full 0):
 garbage-first heap   total 284672K, used 212573K [0x0000000080000000, 0x0000000100000000)
  region size 1024K, 118 young (120832K), 7 survivors (7168K)
 Metaspace       used 107411K, capacity 110272K, committed 110536K, reserved 1144832K
  class space    used 13738K, capacity 14830K, committed 14872K, reserved 1048576K
}
Event: 27.098 GC heap after
{Heap after GC invocations=22 (full 0):
 garbage-first heap   total 284672K, used 135168K [0x0000000080000000, 0x0000000100000000)
  region size 1024K, 15 young (15360K), 15 survivors (15360K)
 Metaspace       used 107411K, capacity 110272K, committed 110536K, reserved 1144832K
  class space    used 13738K, capacity 14830K, committed 14872K, reserved 1048576K
}
Event: 28.401 GC heap before
{Heap before GC invocations=23 (full 0):
 garbage-first heap   total 284672K, used 210944K [0x0000000080000000, 0x0000000100000000)
  region size 1024K, 89 young (91136K), 15 survivors (15360K)
 Metaspace       used 112379K, capacity 115309K, committed 115528K, reserved 1148928K
  class space    used 14348K, capacity 15436K, committed 15512K, reserved 1048576K
}
Event: 28.451 GC heap after
{Heap after GC invocations=24 (full 0):
 garbage-first heap   total 284672K, used 159232K [0x0000000080000000, 0x0000000100000000)
  region size 1024K, 12 young (12288K), 12 survivors (12288K)
 Metaspace       used 112379K, capacity 115309K, committed 115528K, reserved 1148928K
  class space    used 14348K, capacity 15436K, committed 15512K, reserved 1048576K
}
Event: 28.641 GC heap before
{Heap before GC invocations=24 (full 0):
 garbage-first heap   total 284672K, used 209408K [0x0000000080000000, 0x0000000100000000)
  region size 1024K, 61 young (62464K), 12 survivors (12288K)
 Metaspace       used 112457K, capacity 115384K, committed 115528K, reserved 1148928K
  class space    used 14348K, capacity 15436K, committed 15512K, reserved 1048576K
}
Event: 28.694 GC heap after
{Heap after GC invocations=25 (full 0):
 garbage-first heap   total 284672K, used 195584K [0x0000000080000000, 0x0000000100000000)
  region size 1024K, 8 young (8192K), 8 survivors (8192K)
 Metaspace       used 112457K, capacity 115384K, committed 115528K, reserved 1148928K
  class space    used 14348K, capacity 15436K, committed 15512K, reserved 1048576K
}
Event: 29.908 GC heap before
{Heap before GC invocations=26 (full 0):
 garbage-first heap   total 284672K, used 196608K [0x0000000080000000, 0x0000000100000000)
  region size 1024K, 32 young (32768K), 8 survivors (8192K)
 Metaspace       used 113956K, capacity 117002K, committed 117192K, reserved 1150976K
  class space    used 14481K, capacity 15611K, committed 15640K, reserved 1048576K
}
Event: 29.928 GC heap after
{Heap after GC invocations=27 (full 0):
 garbage-first heap   total 284672K, used 177152K [0x0000000080000000, 0x0000000100000000)
  region size 1024K, 4 young (4096K), 4 survivors (4096K)
 Metaspace       used 113956K, capacity 117002K, committed 117192K, reserved 1150976K
  class space    used 14481K, capacity 15611K, committed 15640K, reserved 1048576K
}
Event: 30.827 GC heap before
{Heap before GC invocations=27 (full 0):
 garbage-first heap   total 284672K, used 209920K [0x0000000080000000, 0x0000000100000000)
  region size 1024K, 37 young (37888K), 4 survivors (4096K)
 Metaspace       used 114895K, capacity 117877K, committed 118088K, reserved 1150976K
  class space    used 14571K, capacity 15665K, committed 15768K, reserved 1048576K
}
Event: 30.841 GC heap after
{Heap after GC invocations=28 (full 0):
 garbage-first heap   total 284672K, used 182784K [0x0000000080000000, 0x0000000100000000)
  region size 1024K, 5 young (5120K), 5 survivors (5120K)
 Metaspace       used 114895K, capacity 117877K, committed 118088K, reserved 1150976K
  class space    used 14571K, capacity 15665K, committed 15768K, reserved 1048576K
}
Event: 31.509 GC heap before
{Heap before GC invocations=29 (full 0):
 garbage-first heap   total 284672K, used 168960K [0x0000000080000000, 0x0000000100000000)
  region size 1024K, 38 young (38912K), 5 survivors (5120K)
 Metaspace       used 115429K, capacity 118387K, committed 118600K, reserved 1153024K
  class space    used 14654K, capacity 15747K, committed 15768K, reserved 1048576K
}
Event: 31.521 GC heap after
{Heap after GC invocations=30 (full 0):
 garbage-first heap   total 284672K, used 139163K [0x0000000080000000, 0x0000000100000000)
  region size 1024K, 3 young (3072K), 3 survivors (3072K)
 Metaspace       used 115429K, capacity 118387K, committed 118600K, reserved 1153024K
  class space    used 14654K, capacity 15747K, committed 15768K, reserved 1048576K
}
Event: 31.728 GC heap before
{Heap before GC invocations=30 (full 0):
 garbage-first heap   total 284672K, used 148379K [0x0000000080000000, 0x0000000100000000)
  region size 1024K, 13 young (13312K), 3 survivors (3072K)
 Metaspace       used 115833K, capacity 118835K, committed 118984K, reserved 1153024K
  class space    used 14700K, capacity 15788K, committed 15896K, reserved 1048576K
}
Event: 31.736 GC heap after
{Heap after GC invocations=31 (full 0):
 garbage-first heap   total 284672K, used 118674K [0x0000000080000000, 0x0000000100000000)
  region size 1024K, 1 young (1024K), 1 survivors (1024K)
 Metaspace       used 115833K, capacity 118835K, committed 118984K, reserved 1153024K
  class space    used 14700K, capacity 15788K, committed 15896K, reserved 1048576K
}
Event: 35.420 GC heap before
{Heap before GC invocations=31 (full 0):
 garbage-first heap   total 284672K, used 184210K [0x0000000080000000, 0x0000000100000000)
  region size 1024K, 60 young (61440K), 1 survivors (1024K)
 Metaspace       used 117302K, capacity 120425K, committed 120776K, reserved 1155072K
  class space    used 14900K, capacity 16029K, committed 16152K, reserved 1048576K
}
Event: 35.433 GC heap after
{Heap after GC invocations=32 (full 0):
 garbage-first heap   total 284672K, used 131072K [0x0000000080000000, 0x0000000100000000)
  region size 1024K, 8 young (8192K), 8 survivors (8192K)
 Metaspace       used 117302K, capacity 120425K, committed 120776K, reserved 1155072K
  class space    used 14900K, capacity 16029K, committed 16152K, reserved 1048576K
}
Event: 36.665 GC heap before
{Heap before GC invocations=32 (full 0):
 garbage-first heap   total 284672K, used 189440K [0x0000000080000000, 0x0000000100000000)
  region size 1024K, 66 young (67584K), 8 survivors (8192K)
 Metaspace       used 120027K, capacity 123227K, committed 123464K, reserved 1157120K
  class space    used 15273K, capacity 16453K, committed 16536K, reserved 1048576K
}
Event: 36.677 GC heap after
{Heap after GC invocations=33 (full 0):
 garbage-first heap   total 284672K, used 132811K [0x0000000080000000, 0x0000000100000000)
  region size 1024K, 4 young (4096K), 4 survivors (4096K)
 Metaspace       used 120027K, capacity 123227K, committed 123464K, reserved 1157120K
  class space    used 15273K, capacity 16453K, committed 16536K, reserved 1048576K
}

