# JRE version: OpenJDK Runtime Environment (11.0.10) (build 11.0.10+0-b96-7249189)
# Java VM: OpenJDK 64-Bit Server VM (11.0.10+0-b96-7249189, mixed mode, tiered, compressed oops, g1 gc, windows-amd64)
Heap:
 garbage-first heap   total 617472K, used 246106K [0x0000000080000000, 0x0000000100000000)
  region size 1024K, 2 young (2048K), 2 survivors (2048K)
 Metaspace       used 150618K, capacity 155004K, committed 155340K, reserved 1183744K
  class space    used 18617K, capacity 20310K, committed 20428K, reserved 1048576K
GC Heap History (20 events):
Event: 96.677 GC heap after
{Heap after GC invocations=60 (full 0):
 garbage-first heap   total 372736K, used 212140K [0x0000000080000000, 0x0000000100000000)
  region size 1024K, 12 young (12288K), 12 survivors (12288K)
 Metaspace       used 148065K, capacity 152491K, committed 152652K, reserved 1181696K
  class space    used 18512K, capacity 20222K, committed 20300K, reserved 1048576K
}
Event: 97.858 GC heap before
{Heap before GC invocations=60 (full 0):
 garbage-first heap   total 372736K, used 286892K [0x0000000080000000, 0x0000000100000000)
  region size 1024K, 85 young (87040K), 12 survivors (12288K)
 Metaspace       used 149600K, capacity 154062K, committed 154316K, reserved 1183744K
  class space    used 18601K, capacity 20303K, committed 20428K, reserved 1048576K
}
Event: 97.891 GC heap after
{Heap after GC invocations=61 (full 0):
 garbage-first heap   total 372736K, used 217084K [0x0000000080000000, 0x0000000100000000)
  region size 1024K, 5 young (5120K), 5 survivors (5120K)
 Metaspace       used 149600K, capacity 154062K, committed 154316K, reserved 1183744K
  class space    used 18601K, capacity 20303K, committed 20428K, reserved 1048576K
}
Event: 98.974 GC heap before
{Heap before GC invocations=62 (full 0):
 garbage-first heap   total 372736K, used 275452K [0x0000000080000000, 0x0000000100000000)
  region size 1024K, 79 young (80896K), 5 survivors (5120K)
 Metaspace       used 150419K, capacity 154866K, committed 155084K, reserved 1183744K
  class space    used 18650K, capacity 20387K, committed 20428K, reserved 1048576K
}
Event: 98.990 GC heap after
{Heap after GC invocations=63 (full 0):
 garbage-first heap   total 372736K, used 204038K [0x0000000080000000, 0x0000000100000000)
  region size 1024K, 9 young (9216K), 9 survivors (9216K)
 Metaspace       used 150419K, capacity 154866K, committed 155084K, reserved 1183744K
  class space    used 18650K, capacity 20387K, committed 20428K, reserved 1048576K
}
Event: 99.052 GC heap before
{Heap before GC invocations=63 (full 0):
 garbage-first heap   total 372736K, used 212230K [0x0000000080000000, 0x0000000100000000)
  region size 1024K, 18 young (18432K), 9 survivors (9216K)
 Metaspace       used 150455K, capacity 154941K, committed 155084K, reserved 1183744K
  class space    used 18651K, capacity 20387K, committed 20428K, reserved 1048576K
}
Event: 99.070 GC heap after
{Heap after GC invocations=64 (full 0):
 garbage-first heap   total 372736K, used 170121K [0x0000000080000000, 0x0000000100000000)
  region size 1024K, 3 young (3072K), 3 survivors (3072K)
 Metaspace       used 150455K, capacity 154941K, committed 155084K, reserved 1183744K
  class space    used 18651K, capacity 20387K, committed 20428K, reserved 1048576K
}
Event: 99.159 GC heap before
{Heap before GC invocations=64 (full 0):
 garbage-first heap   total 372736K, used 185481K [0x0000000080000000, 0x0000000100000000)
  region size 1024K, 18 young (18432K), 3 survivors (3072K)
 Metaspace       used 150480K, capacity 154945K, committed 155084K, reserved 1183744K
  class space    used 18651K, capacity 20387K, committed 20428K, reserved 1048576K
}
Event: 99.180 GC heap after
{Heap after GC invocations=65 (full 0):
 garbage-first heap   total 372736K, used 171734K [0x0000000080000000, 0x0000000100000000)
  region size 1024K, 3 young (3072K), 3 survivors (3072K)
 Metaspace       used 150480K, capacity 154945K, committed 155084K, reserved 1183744K
  class space    used 18651K, capacity 20387K, committed 20428K, reserved 1048576K
}
Event: 100.205 GC heap before
{Heap before GC invocations=65 (full 0):
 garbage-first heap   total 372736K, used 308950K [0x0000000080000000, 0x0000000100000000)
  region size 1024K, 96 young (98304K), 3 survivors (3072K)
 Metaspace       used 150748K, capacity 155215K, committed 155340K, reserved 1183744K
  class space    used 18669K, capacity 20403K, committed 20428K, reserved 1048576K
}
Event: 100.225 GC heap after
{Heap after GC invocations=66 (full 0):
 garbage-first heap   total 372736K, used 205019K [0x0000000080000000, 0x0000000100000000)
  region size 1024K, 12 young (12288K), 12 survivors (12288K)
 Metaspace       used 150748K, capacity 155215K, committed 155340K, reserved 1183744K
  class space    used 18669K, capacity 20403K, committed 20428K, reserved 1048576K
}
Event: 100.278 GC heap before
{Heap before GC invocations=66 (full 0):
 garbage-first heap   total 372736K, used 219355K [0x0000000080000000, 0x0000000100000000)
  region size 1024K, 27 young (27648K), 12 survivors (12288K)
 Metaspace       used 150748K, capacity 155215K, committed 155340K, reserved 1183744K
  class space    used 18669K, capacity 20403K, committed 20428K, reserved 1048576K
}
Event: 100.328 GC heap after
{Heap after GC invocations=67 (full 0):
 garbage-first heap   total 372736K, used 213245K [0x0000000080000000, 0x0000000100000000)
  region size 1024K, 8 young (8192K), 8 survivors (8192K)
 Metaspace       used 150748K, capacity 155215K, committed 155340K, reserved 1183744K
  class space    used 18669K, capacity 20403K, committed 20428K, reserved 1048576K
}
Event: 100.659 GC heap before
{Heap before GC invocations=67 (full 0):
 garbage-first heap   total 372736K, used 270589K [0x0000000080000000, 0x0000000100000000)
  region size 1024K, 63 young (64512K), 8 survivors (8192K)
 Metaspace       used 150753K, capacity 155215K, committed 155340K, reserved 1183744K
  class space    used 18669K, capacity 20403K, committed 20428K, reserved 1048576K
}
Event: 100.727 GC heap after
{Heap after GC invocations=68 (full 0):
 garbage-first heap   total 372736K, used 243712K [0x0000000080000000, 0x0000000100000000)
  region size 1024K, 8 young (8192K), 8 survivors (8192K)
 Metaspace       used 150753K, capacity 155215K, committed 155340K, reserved 1183744K
  class space    used 18669K, capacity 20403K, committed 20428K, reserved 1048576K
}
Event: 101.020 GC heap before
{Heap before GC invocations=68 (full 0):
 garbage-first heap   total 372736K, used 281600K [0x0000000080000000, 0x0000000100000000)
  region size 1024K, 48 young (49152K), 8 survivors (8192K)
 Metaspace       used 150611K, capacity 155000K, committed 155340K, reserved 1183744K
  class space    used 18617K, capacity 20310K, committed 20428K, reserved 1048576K
}
Event: 101.100 GC heap after
{Heap after GC invocations=69 (full 0):
 garbage-first heap   total 372736K, used 264192K [0x0000000080000000, 0x0000000100000000)
  region size 1024K, 6 young (6144K), 6 survivors (6144K)
 Metaspace       used 150611K, capacity 155000K, committed 155340K, reserved 1183744K
  class space    used 18617K, capacity 20310K, committed 20428K, reserved 1048576K
}
Event: 101.348 GC heap before
{Heap before GC invocations=70 (full 0):
 garbage-first heap   total 372736K, used 295935K [0x0000000080000000, 0x0000000100000000)
  region size 1024K, 37 young (37888K), 6 survivors (6144K)
 Metaspace       used 150615K, capacity 155002K, committed 155340K, reserved 1183744K
  class space    used 18617K, capacity 20310K, committed 20428K, reserved 1048576K
}
Event: 101.386 GC heap after
{Heap after GC invocations=71 (full 0):
 garbage-first heap   total 372736K, used 272896K [0x0000000080000000, 0x0000000100000000)
  region size 1024K, 5 young (5120K), 5 survivors (5120K)
 Metaspace       used 150615K, capacity 155002K, committed 155340K, reserved 1183744K
  class space    used 18617K, capacity 20310K, committed 20428K, reserved 1048576K
}
Event: 101.477 GC heap before
{Heap before GC invocations=71 (full 0):
 garbage-first heap   total 372736K, used 286208K [0x0000000080000000, 0x0000000100000000)
  region size 1024K, 18 young (18432K), 5 survivors (5120K)
 Metaspace       used 150618K, capacity 155004K, committed 155340K, reserved 1183744K
  class space    used 18617K, capacity 20310K, committed 20428K, reserved 1048576K
}

